<?xml version="1.0" encoding="UTF-8"?>
<!-- Generated by org.testng.reporters.JUnitXMLReporter -->
<testsuite hostname="LAPTOP-S257V0M9" ignored="0" name="Command line test" tests="7" failures="0" timestamp="2022-05-11T01:24:35 CST" time="1.56" errors="0">
  <testcase name="testRegister1" time="0.221" classname="com.test.autotest.cases.TestRegister"/>
  <testcase name="testRegister14" time="0.086" classname="com.test.autotest.cases.TestRegister"/>
  <testcase name="testRegister15" time="0.053" classname="com.test.autotest.cases.TestRegister"/>
  <testcase name="testRegister2" time="0.051" classname="com.test.autotest.cases.TestRegister"/>
  <testcase name="testRegister3" time="0.05" classname="com.test.autotest.cases.TestRegister"/>
  <testcase name="testRegister4" time="0.053" classname="com.test.autotest.cases.TestRegister"/>
  <testcase name="testRegister5" time="0.041" classname="com.test.autotest.cases.TestRegister"/>
</testsuite> <!-- Command line test -->
