<?xml version="1.0" encoding="UTF-8"?>
<!-- Generated by org.testng.reporters.JUnitXMLReporter -->
<testsuite hostname="LAPTOP-S257V0M9" ignored="4" name="Command line test" tests="8" failures="0" timestamp="2022-05-14T01:47:39 CST" time="2.045" errors="0">
  <testcase name="testRegister1" time="0.243" classname="com.test.autotest.cases.TestRegister"/>
  <testcase name="testRegister2" time="0.052" classname="com.test.autotest.cases.TestRegister"/>
  <testcase name="testRegister3" time="0.071" classname="com.test.autotest.cases.TestRegister"/>
  <testcase name="testRegister4" time="0.083" classname="com.test.autotest.cases.TestRegister"/>
  <testcase name="testRegister5" time="0.065" classname="com.test.autotest.cases.TestRegister"/>
  <testcase name="testRegister6" time="0.059" classname="com.test.autotest.cases.TestRegister"/>
  <testcase name="testRegister7" time="0.009" classname="com.test.autotest.cases.TestRegister"/>
  <testcase name="testUrlConfigFile" time="0.044" classname="com.test.autotest.MyBatisTest"/>
  <testcase name="test" time="0.0" classname="com.test.autotest.MyBatisTest">
    <ignored/>
  </testcase> <!-- test -->
  <testcase name="testInsertUser" time="0.0" classname="com.test.autotest.MyBatisTest">
    <ignored/>
  </testcase> <!-- testInsertUser -->
  <testcase name="testDeleteAll" time="0.0" classname="com.test.autotest.MyBatisTest">
    <ignored/>
  </testcase> <!-- testDeleteAll -->
  <testcase name="testSelectOne" time="0.0" classname="com.test.autotest.MyBatisTest">
    <ignored/>
  </testcase> <!-- testSelectOne -->
</testsuite> <!-- Command line test -->
