<?xml version="1.0" encoding="UTF-8"?>
<testng-results skipped="0" failed="0" ignored="4" total="12" passed="8">
  <reporter-output>
  </reporter-output>
  <suite name="Command line suite" duration-ms="2045" started-at="2022-05-14T01:47:37 CST" finished-at="2022-05-14T01:47:39 CST">
    <groups>
      <group name="注册接口">
        <method signature="TestRegister.testRegister1()[pri:0, instance:com.test.autotest.cases.TestRegister@6792f2c6]" name="testRegister1" class="com.test.autotest.cases.TestRegister"/>
        <method signature="TestRegister.testRegister2()[pri:0, instance:com.test.autotest.cases.TestRegister@6792f2c6]" name="testRegister2" class="com.test.autotest.cases.TestRegister"/>
        <method signature="TestRegister.testRegister3()[pri:0, instance:com.test.autotest.cases.TestRegister@6792f2c6]" name="testRegister3" class="com.test.autotest.cases.TestRegister"/>
        <method signature="TestRegister.testRegister4()[pri:0, instance:com.test.autotest.cases.TestRegister@6792f2c6]" name="testRegister4" class="com.test.autotest.cases.TestRegister"/>
        <method signature="TestRegister.testRegister5()[pri:0, instance:com.test.autotest.cases.TestRegister@6792f2c6]" name="testRegister5" class="com.test.autotest.cases.TestRegister"/>
        <method signature="TestRegister.testRegister6()[pri:0, instance:com.test.autotest.cases.TestRegister@6792f2c6]" name="testRegister6" class="com.test.autotest.cases.TestRegister"/>
        <method signature="TestRegister.testRegister7()[pri:0, instance:com.test.autotest.cases.TestRegister@6792f2c6]" name="testRegister7" class="com.test.autotest.cases.TestRegister"/>
      </group> <!-- 注册接口 -->
    </groups>
    <test name="Command line test" duration-ms="2045" started-at="2022-05-14T01:47:37 CST" finished-at="2022-05-14T01:47:39 CST">
      <class name="com.test.autotest.MyBatisTest">
        <test-method status="PASS" signature="testUrlConfigFile()[pri:0, instance:com.test.autotest.MyBatisTest@4d142b53]" name="testUrlConfigFile" duration-ms="44" started-at="2022-05-14T01:47:39 CST" finished-at="2022-05-14T01:47:39 CST">
          <reporter-output>
          </reporter-output>
        </test-method> <!-- testUrlConfigFile -->
      </class> <!-- com.test.autotest.MyBatisTest -->
      <class name="com.test.autotest.cases.TestRegister">
        <test-method status="PASS" signature="clearTable()[pri:0, instance:com.test.autotest.cases.TestRegister@6792f2c6]" name="clearTable" is-config="true" duration-ms="1082" started-at="2022-05-14T01:47:37 CST" finished-at="2022-05-14T01:47:38 CST">
          <reporter-output>
          </reporter-output>
        </test-method> <!-- clearTable -->
        <test-method status="PASS" signature="getAllCasesBeforeTest()[pri:0, instance:com.test.autotest.cases.TestRegister@6792f2c6]" name="getAllCasesBeforeTest" is-config="true" duration-ms="92" started-at="2022-05-14T01:47:38 CST" finished-at="2022-05-14T01:47:38 CST">
          <reporter-output>
          </reporter-output>
        </test-method> <!-- getAllCasesBeforeTest -->
        <test-method status="PASS" signature="testRegister1()[pri:0, instance:com.test.autotest.cases.TestRegister@6792f2c6]" name="testRegister1" duration-ms="243" started-at="2022-05-14T01:47:38 CST" description="正确的用户名和密码" finished-at="2022-05-14T01:47:38 CST">
          <reporter-output>
          </reporter-output>
        </test-method> <!-- testRegister1 -->
        <test-method status="PASS" signature="testRegister2()[pri:0, instance:com.test.autotest.cases.TestRegister@6792f2c6]" name="testRegister2" duration-ms="52" started-at="2022-05-14T01:47:38 CST" description="用户名为空" finished-at="2022-05-14T01:47:39 CST">
          <reporter-output>
          </reporter-output>
        </test-method> <!-- testRegister2 -->
        <test-method status="PASS" signature="testRegister3()[pri:0, instance:com.test.autotest.cases.TestRegister@6792f2c6]" name="testRegister3" duration-ms="71" started-at="2022-05-14T01:47:39 CST" description="密码为空" finished-at="2022-05-14T01:47:39 CST">
          <reporter-output>
          </reporter-output>
        </test-method> <!-- testRegister3 -->
        <test-method status="PASS" signature="testRegister4()[pri:0, instance:com.test.autotest.cases.TestRegister@6792f2c6]" name="testRegister4" duration-ms="83" started-at="2022-05-14T01:47:39 CST" description="用户名已存在" finished-at="2022-05-14T01:47:39 CST">
          <reporter-output>
          </reporter-output>
        </test-method> <!-- testRegister4 -->
        <test-method status="PASS" signature="testRegister5()[pri:0, instance:com.test.autotest.cases.TestRegister@6792f2c6]" name="testRegister5" duration-ms="65" started-at="2022-05-14T01:47:39 CST" description="用户名带有空格字符" finished-at="2022-05-14T01:47:39 CST">
          <reporter-output>
          </reporter-output>
        </test-method> <!-- testRegister5 -->
        <test-method status="PASS" signature="testRegister6()[pri:0, instance:com.test.autotest.cases.TestRegister@6792f2c6]" name="testRegister6" duration-ms="59" started-at="2022-05-14T01:47:39 CST" description="用户名长度超限" finished-at="2022-05-14T01:47:39 CST">
          <reporter-output>
          </reporter-output>
        </test-method> <!-- testRegister6 -->
        <test-method status="PASS" signature="testRegister7()[pri:0, instance:com.test.autotest.cases.TestRegister@6792f2c6]" name="testRegister7" duration-ms="9" started-at="2022-05-14T01:47:39 CST" description="用户名长度少于规则长度" finished-at="2022-05-14T01:47:39 CST">
          <reporter-output>
          </reporter-output>
        </test-method> <!-- testRegister7 -->
      </class> <!-- com.test.autotest.cases.TestRegister -->
    </test> <!-- Command line test -->
  </suite> <!-- Command line suite -->
</testng-results>
