<?xml version="1.0" encoding="UTF-8" ?>
<testsuite tests="7" failures="0" name="TestSuite" time="3.049" errors="0" skipped="0">
  <properties>
[...]
</properties>
  <testcase classname="com.test.autotest.cases.TestRegister" name="testRegister1" time="2.758"/>
  <testcase classname="com.test.autotest.cases.TestRegister" name="testRegister2" time="0.059"/>
  <testcase classname="com.test.autotest.cases.TestRegister" name="testRegister3" time="0.057"/>
  <testcase classname="com.test.autotest.cases.TestRegister" name="testRegister4" time="0.062"/>
  <testcase classname="com.test.autotest.cases.TestRegister" name="testRegister5" time="0.049"/>
  <testcase classname="com.test.autotest.cases.TestRegister" name="testRegister6" time="0.054"/>
  <testcase classname="com.test.autotest.cases.TestRegister" name="testRegister7" time="0.01"/>
</testsuite>